<?xml version="1.0" encoding="utf-8"?><testsuites name="pytest tests"><testsuite name="pytest" errors="0" failures="1" skipped="0" tests="31" time="6.698" timestamp="2026-05-22T22:25:24.560382+00:00" hostname="agent-env-88d31129-7313-4752-af4e-24cb28e0e599"><testcase classname="backend.tests.backend_test.TestHealth" name="test_root" time="0.202" /><testcase classname="backend.tests.backend_test.TestAuth" name="test_login_seeded_customer" time="0.367" /><testcase classname="backend.tests.backend_test.TestAuth" name="test_me_with_cookie" time="0.466" /><testcase classname="backend.tests.backend_test.TestAuth" name="test_me_without_cookie" time="0.241" /><testcase classname="backend.tests.backend_test.TestAuth" name="test_login_invalid" time="0.404" /><testcase classname="backend.tests.backend_test.TestAuth" name="test_register_and_logout" time="0.467" /><testcase classname="backend.tests.backend_test.TestAuth" name="test_register_duplicate" time="0.111" /><testcase classname="backend.tests.backend_test.TestAuth" name="test_forgot_password_ok" time="0.102" /><testcase classname="backend.tests.backend_test.TestAuth" name="test_change_password_wrong_current" time="0.282" /><testcase classname="backend.tests.backend_test.TestProducts" name="test_list_products" time="0.050" /><testcase classname="backend.tests.backend_test.TestProducts" name="test_filter_is_new" time="0.044" /><testcase classname="backend.tests.backend_test.TestProducts" name="test_filter_category" time="0.049" /><testcase classname="backend.tests.backend_test.TestProducts" name="test_filter_max_price" time="0.048" /><testcase classname="backend.tests.backend_test.TestProducts" name="test_search" time="0.047" /><testcase classname="backend.tests.backend_test.TestProducts" name="test_sort_price_asc" time="0.052" /><testcase classname="backend.tests.backend_test.TestProducts" name="test_categories" time="0.046" /><testcase classname="backend.tests.backend_test.TestProducts" name="test_collections" time="0.046" /><testcase classname="backend.tests.backend_test.TestProducts" name="test_collection_detail" time="0.048" /><testcase classname="backend.tests.backend_test.TestProducts" name="test_get_product_by_slug" time="0.047" /><testcase classname="backend.tests.backend_test.TestProducts" name="test_get_product_not_found" time="0.048" /><testcase classname="backend.tests.backend_test.TestAddresses" name="test_addr_crud" time="0.355" /><testcase classname="backend.tests.backend_test.TestAddresses" name="test_addresses_requires_auth" time="0.102" /><testcase classname="backend.tests.backend_test.TestWishlist" name="test_wishlist_flow" time="0.330" /><testcase classname="backend.tests.backend_test.TestOrders" name="test_orders_list_requires_auth" time="0.112" /><testcase classname="backend.tests.backend_test.TestOrders" name="test_orders_list_empty_ok" time="0.063" /><testcase classname="backend.tests.backend_test.TestOrders" name="test_order_not_found" time="0.066" /><testcase classname="backend.tests.backend_test.TestCheckout" name="test_create_session_guest" time="0.991"><failure message="assert 500 == 200&#10; +  where 500 = &lt;Response [500]&gt;.status_code">backend/tests/backend_test.py:272: in test_create_session_guest
    assert rs.status_code == 200
E   assert 500 == 200
E    +  where 500 = &lt;Response [500]&gt;.status_code</failure></testcase><testcase classname="backend.tests.backend_test.TestCheckout" name="test_shipping_under_threshold" time="0.566" /><testcase classname="backend.tests.backend_test.TestCheckout" name="test_express_shipping" time="0.550" /><testcase classname="backend.tests.backend_test.TestCheckout" name="test_invalid_product" time="0.165" /><testcase classname="backend.tests.backend_test.TestCheckout" name="test_empty_cart" time="0.108" /></testsuite></testsuites>